{"target": 0.978803933112792, "params": {"depth": 12.934059678027353, "l2_leaf_reg": 5.472775259508048, "learning_rate": 0.09729575163652356, "random_strength": 7.151011776806903}, "datetime": {"datetime": "2021-08-01 05:56:25", "elapsed": 0.0, "delta": 0.0}}
{"target": 0.9780998310466871, "params": {"depth": 12.395457649194542, "l2_leaf_reg": 2.1616788663081836, "learning_rate": 0.09765117102284794, "random_strength": 0.07224024949385273}, "datetime": {"datetime": "2021-08-01 06:00:53", "elapsed": 268.363779, "delta": 268.363779}}
{"target": 0.9778221742959684, "params": {"depth": 11.505964724766887, "l2_leaf_reg": 4.348480532512054, "learning_rate": 0.0781589092575815, "random_strength": 1.9848738952565284}, "datetime": {"datetime": "2021-08-01 06:05:24", "elapsed": 538.98755, "delta": 270.623771}}
{"target": 0.9713245122287112, "params": {"depth": 12.725986471198445, "l2_leaf_reg": 9.834023371075952, "learning_rate": 0.017220381899065176, "random_strength": 5.977366099889263}, "datetime": {"datetime": "2021-08-01 06:13:07", "elapsed": 1001.980987, "delta": 462.993437}}
{"target": 0.9784909276301132, "params": {"depth": 12.586488350439618, "l2_leaf_reg": 4.562854442409422, "learning_rate": 0.1, "random_strength": 5.795120286360333}, "datetime": {"datetime": "2021-08-01 06:20:43", "elapsed": 1458.48159, "delta": 456.500603}}
{"target": 0.9785805034389413, "params": {"depth": 13.0, "l2_leaf_reg": 2.831328969896209, "learning_rate": 0.1, "random_strength": 9.156410965234835}, "datetime": {"datetime": "2021-08-01 06:28:19", "elapsed": 1914.416288, "delta": 455.934698}}
{"target": 0.978203701592335, "params": {"depth": 12.483340422991272, "l2_leaf_reg": 5.469967526874473, "learning_rate": 0.1, "random_strength": 9.476744867602568}, "datetime": {"datetime": "2021-08-01 06:32:48", "elapsed": 2183.48612, "delta": 269.069832}}
{"target": 0.977991694082205, "params": {"depth": 13.0, "l2_leaf_reg": 3.3332037649224584, "learning_rate": 0.07723108379379684, "random_strength": 7.085275696441288}, "datetime": {"datetime": "2021-08-01 06:40:27", "elapsed": 2642.338312, "delta": 458.852192}}
{"target": 0.9785107575427816, "params": {"depth": 12.568977081448127, "l2_leaf_reg": 4.44798911172254, "learning_rate": 0.1, "random_strength": 8.20137256491893}, "datetime": {"datetime": "2021-08-01 06:48:04", "elapsed": 3099.639519, "delta": 457.301207}}
{"target": 0.9786750169016081, "params": {"depth": 13.0, "l2_leaf_reg": 5.676512632170738, "learning_rate": 0.1, "random_strength": 5.455552353616863}, "datetime": {"datetime": "2021-08-01 06:55:42", "elapsed": 3557.611161, "delta": 457.971642}}
{"target": 0.9787651366229941, "params": {"depth": 13.0, "l2_leaf_reg": 4.75750600363358, "learning_rate": 0.1, "random_strength": 8.676925257677938}, "datetime": {"datetime": "2021-08-01 07:03:20", "elapsed": 4014.957268, "delta": 457.346107}}
{"target": 0.9787980885657352, "params": {"depth": 13.0, "l2_leaf_reg": 4.992505772393841, "learning_rate": 0.1, "random_strength": 6.43633936725895}, "datetime": {"datetime": "2021-08-01 07:10:56", "elapsed": 4471.573258, "delta": 456.61599}}
{"target": 0.978782780833658, "params": {"depth": 13.0, "l2_leaf_reg": 5.520204353457115, "learning_rate": 0.1, "random_strength": 8.149796243813576}, "datetime": {"datetime": "2021-08-01 07:18:33", "elapsed": 4928.403573, "delta": 456.830315}}
{"target": 0.9783807501558908, "params": {"depth": 13.0, "l2_leaf_reg": 4.964081750098733, "learning_rate": 0.08663256449351703, "random_strength": 7.605445236626043}, "datetime": {"datetime": "2021-08-01 07:26:10", "elapsed": 5385.524417, "delta": 457.120844}}
{"target": 0.9785715607123439, "params": {"depth": 13.0, "l2_leaf_reg": 6.496125672696703, "learning_rate": 0.1, "random_strength": 7.755746623333959}, "datetime": {"datetime": "2021-08-01 07:33:48", "elapsed": 5842.906706, "delta": 457.382289}}
{"target": 0.9786830326314431, "params": {"depth": 12.75944180383956, "l2_leaf_reg": 5.909355956715598, "learning_rate": 0.1, "random_strength": 6.358195052424401}, "datetime": {"datetime": "2021-08-01 07:41:25", "elapsed": 6300.673836, "delta": 457.76713}}
{"target": 0.9786016121603963, "params": {"depth": 12.999423605599905, "l2_leaf_reg": 5.627694155709164, "learning_rate": 0.09888015836366189, "random_strength": 6.428339081254513}, "datetime": {"datetime": "2021-08-01 07:49:03", "elapsed": 6758.356871, "delta": 457.683035}}
{"target": 0.9786962842176898, "params": {"depth": 12.79261919993524, "l2_leaf_reg": 5.940652682607989, "learning_rate": 0.1, "random_strength": 7.652998583848222}, "datetime": {"datetime": "2021-08-01 07:56:42", "elapsed": 7216.99821, "delta": 458.641339}}
{"target": 0.9786610650419038, "params": {"depth": 12.80676324774445, "l2_leaf_reg": 5.153819822324416, "learning_rate": 0.1, "random_strength": 6.712088304276778}, "datetime": {"datetime": "2021-08-01 08:04:19", "elapsed": 7674.401144, "delta": 457.402934}}
{"target": 0.9787588721352357, "params": {"depth": 13.0, "l2_leaf_reg": 6.077053444991817, "learning_rate": 0.1, "random_strength": 7.067778970217911}, "datetime": {"datetime": "2021-08-01 08:11:57", "elapsed": 8132.394083, "delta": 457.992939}}
{"target": 0.9787580478899215, "params": {"depth": 13.0, "l2_leaf_reg": 5.788502285755866, "learning_rate": 0.1, "random_strength": 7.525427126970436}, "datetime": {"datetime": "2021-08-01 08:19:35", "elapsed": 8590.493464, "delta": 458.099381}}
{"target": 0.978375143500774, "params": {"depth": 12.841260580351117, "l2_leaf_reg": 5.797512771655396, "learning_rate": 0.09270559921736567, "random_strength": 7.042024886261026}, "datetime": {"datetime": "2021-08-01 08:27:12", "elapsed": 9047.543392, "delta": 457.049928}}
{"target": 0.9783922884734226, "params": {"depth": 13.0, "l2_leaf_reg": 5.0322564622903805, "learning_rate": 0.1, "random_strength": 6.97027871125416}, "datetime": {"datetime": "2021-08-01 08:34:50", "elapsed": 9505.446533, "delta": 457.903141}}
{"target": 0.978677570051727, "params": {"depth": 12.858892408909602, "l2_leaf_reg": 5.389455819674871, "learning_rate": 0.1, "random_strength": 7.538878510208168}, "datetime": {"datetime": "2021-08-01 08:42:28", "elapsed": 9963.317455, "delta": 457.870922}}
{"target": 0.9787295712195017, "params": {"depth": 13.0, "l2_leaf_reg": 5.435158892191062, "learning_rate": 0.1, "random_strength": 7.339970471550876}, "datetime": {"datetime": "2021-08-01 08:50:05", "elapsed": 10420.616667, "delta": 457.299212}}
{"target": 0.9784986998836902, "params": {"depth": 12.994945166012732, "l2_leaf_reg": 5.413129702863673, "learning_rate": 0.1, "random_strength": 6.86327918914639}, "datetime": {"datetime": "2021-08-01 08:57:41", "elapsed": 10876.556766, "delta": 455.940099}}
{"target": 0.978655505295057, "params": {"depth": 12.879262738840513, "l2_leaf_reg": 5.2863405285251766, "learning_rate": 0.09458531253453502, "random_strength": 7.209034343341744}, "datetime": {"datetime": "2021-08-01 09:05:18", "elapsed": 11333.826674, "delta": 457.269908}}
{"target": 0.9786340391772598, "params": {"depth": 12.98337692329551, "l2_leaf_reg": 5.6768333315245085, "learning_rate": 0.09973514682831325, "random_strength": 7.272795199529572}, "datetime": {"datetime": "2021-08-01 09:12:56", "elapsed": 11790.941387, "delta": 457.114713}}
{"target": 0.978764833952967, "params": {"depth": 12.889674157286013, "l2_leaf_reg": 5.49070594805832, "learning_rate": 0.09949120730913427, "random_strength": 7.269656490114156}, "datetime": {"datetime": "2021-08-01 09:20:32", "elapsed": 12247.475827, "delta": 456.53444}}
{"target": 0.9786456869474214, "params": {"depth": 12.894112709360146, "l2_leaf_reg": 5.433342536567236, "learning_rate": 0.0992716617418732, "random_strength": 7.107231066535743}, "datetime": {"datetime": "2021-08-01 09:28:09", "elapsed": 12704.159844, "delta": 456.684017}}
{"target": 0.9787935127756928, "params": {"depth": 12.970011949827839, "l2_leaf_reg": 5.4194705468228035, "learning_rate": 0.09551743254170887, "random_strength": 7.195510584201797}, "datetime": {"datetime": "2021-08-01 09:35:47", "elapsed": 13162.14539, "delta": 457.985546}}
{"target": 0.9786511316573205, "params": {"depth": 12.966416722647791, "l2_leaf_reg": 5.643441267339809, "learning_rate": 0.09569526445119034, "random_strength": 6.984047866227846}, "datetime": {"datetime": "2021-08-01 09:43:24", "elapsed": 13619.286085, "delta": 457.140695}}
{"target": 0.9784324419524568, "params": {"depth": 12.963181018185747, "l2_leaf_reg": 5.53930419509478, "learning_rate": 0.09585531316972366, "random_strength": 7.17033747616228}, "datetime": {"datetime": "2021-08-01 09:51:02", "elapsed": 14077.256443, "delta": 457.970358}}
{"target": 0.9785543074039295, "params": {"depth": 12.950685964318353, "l2_leaf_reg": 5.357718480006569, "learning_rate": 0.09764045348697266, "random_strength": 7.128552891651141}, "datetime": {"datetime": "2021-08-01 09:58:38", "elapsed": 14533.865825, "delta": 456.609382}}
