{"target": 0.9566415167754228, "params": {"bagging_temperature": 9.670298390136766, "depth": 8.37785799340578, "l2_leaf_reg": 97.26846331212847, "random_strength": 7.151011776806903}, "datetime": {"datetime": "2021-08-01 01:43:40", "elapsed": 0.0, "delta": 0.0}}
{"target": 0.9518866477115262, "params": {"bagging_temperature": 6.977288245972709, "depth": 5.728715964643011, "l2_leaf_reg": 97.6274692031694, "random_strength": 0.07224024949385273}, "datetime": {"datetime": "2021-08-01 01:44:57", "elapsed": 77.063359, "delta": 77.063359}}
{"target": 0.9669408082009879, "params": {"bagging_temperature": 2.1512967364524638, "depth": 7.122240907494796, "l2_leaf_reg": 64.59744533647184, "random_strength": 3.537577978090229}, "datetime": {"datetime": "2021-08-01 01:46:25", "elapsed": 165.111596, "delta": 88.048237}}
{"target": 0.9716030736389207, "params": {"bagging_temperature": 1.23686989179708, "depth": 10.24483555294738, "l2_leaf_reg": 49.82343888347289, "random_strength": 5.727350890191674}, "datetime": {"datetime": "2021-08-01 01:48:42", "elapsed": 302.304972, "delta": 137.193376}}
{"target": 0.9698375178391592, "params": {"bagging_temperature": 0.6435267572765624, "depth": 8.830552506659059, "l2_leaf_reg": 49.459472956435576, "random_strength": 6.071541746914456}, "datetime": {"datetime": "2021-08-01 01:50:21", "elapsed": 400.734677, "delta": 98.429705}}
{"target": 0.9629265972646751, "params": {"bagging_temperature": 10.0, "depth": 12.0, "l2_leaf_reg": 34.99932821893213, "random_strength": 0.01}, "datetime": {"datetime": "2021-08-01 01:54:45", "elapsed": 665.119114, "delta": 264.384437}}
{"target": 0.9616061439862211, "params": {"bagging_temperature": 9.927724708151395, "depth": 11.951126184351804, "l2_leaf_reg": 56.1592314570669, "random_strength": 9.853837950260067}, "datetime": {"datetime": "2021-08-01 01:57:41", "elapsed": 841.703451, "delta": 176.584337}}
{"target": 0.946479308067458, "params": {"bagging_temperature": 10.0, "depth": 4.0, "l2_leaf_reg": 49.892079668515734, "random_strength": 0.01}, "datetime": {"datetime": "2021-08-01 01:58:58", "elapsed": 917.906734, "delta": 76.203283}}
{"target": 0.9731063317957651, "params": {"bagging_temperature": 0.0, "depth": 12.0, "l2_leaf_reg": 57.34478342100844, "random_strength": 10.0}, "datetime": {"datetime": "2021-08-01 02:03:28", "elapsed": 1188.537846, "delta": 270.631112}}
{"target": 0.9705857203801516, "params": {"bagging_temperature": 2.009534939313066, "depth": 11.907770043143707, "l2_leaf_reg": 16.02778475347708, "random_strength": 8.514117227988942}, "datetime": {"datetime": "2021-08-01 02:06:28", "elapsed": 1368.604414, "delta": 180.066568}}
{"target": 0.9589922521253209, "params": {"bagging_temperature": 8.824530752875752, "depth": 9.35412789126126, "l2_leaf_reg": 3.2712917878671863, "random_strength": 2.053256822664874}, "datetime": {"datetime": "2021-08-01 02:08:14", "elapsed": 1474.504678, "delta": 105.900264}}
{"target": 0.9626606095045259, "params": {"bagging_temperature": 0.0, "depth": 4.0, "l2_leaf_reg": 26.365403896561137, "random_strength": 10.0}, "datetime": {"datetime": "2021-08-01 02:09:32", "elapsed": 1552.026978, "delta": 77.5223}}
{"target": 0.9729431915342349, "params": {"bagging_temperature": 0.0, "depth": 12.0, "l2_leaf_reg": 75.0825620531591, "random_strength": 10.0}, "datetime": {"datetime": "2021-08-01 02:14:02", "elapsed": 1822.393932, "delta": 270.366954}}
{"target": 0.9464473478995664, "params": {"bagging_temperature": 10.0, "depth": 4.0, "l2_leaf_reg": 76.49532881811022, "random_strength": 10.0}, "datetime": {"datetime": "2021-08-01 02:15:18", "elapsed": 1897.807297, "delta": 75.413365}}
{"target": 0.9586736154165271, "params": {"bagging_temperature": 9.907694598238677, "depth": 9.746381080030222, "l2_leaf_reg": 20.309437401844093, "random_strength": 0.06296669986212777}, "datetime": {"datetime": "2021-08-01 02:17:04", "elapsed": 2004.459731, "delta": 106.652434}}
{"target": 0.9734438937577365, "params": {"bagging_temperature": 0.0, "depth": 12.0, "l2_leaf_reg": 74.98721708804052, "random_strength": 0.01}, "datetime": {"datetime": "2021-08-01 02:21:34", "elapsed": 2274.663975, "delta": 270.204244}}
{"target": 0.9733201765464664, "params": {"bagging_temperature": 0.0, "depth": 12.0, "l2_leaf_reg": 39.285646427878866, "random_strength": 10.0}, "datetime": {"datetime": "2021-08-01 02:26:04", "elapsed": 2544.313826, "delta": 269.649851}}
{"target": 0.9625455379341438, "params": {"bagging_temperature": 1.752377501670338, "depth": 4.133464619778062, "l2_leaf_reg": 4.150324130946273, "random_strength": 9.6727234828486}, "datetime": {"datetime": "2021-08-01 02:27:22", "elapsed": 2621.790153, "delta": 77.476327}}
{"target": 0.9727332859613417, "params": {"bagging_temperature": 0.0, "depth": 12.0, "l2_leaf_reg": 87.29044467175636, "random_strength": 10.0}, "datetime": {"datetime": "2021-08-01 02:31:52", "elapsed": 2891.920276, "delta": 270.130123}}
{"target": 0.9733993119146509, "params": {"bagging_temperature": 0.0, "depth": 12.0, "l2_leaf_reg": 85.64054524743668, "random_strength": 0.01}, "datetime": {"datetime": "2021-08-01 02:36:23", "elapsed": 3162.993519, "delta": 271.073243}}
{"target": 0.9726667912550315, "params": {"bagging_temperature": 0.0, "depth": 12.0, "l2_leaf_reg": 100.0, "random_strength": 10.0}, "datetime": {"datetime": "2021-08-01 02:40:52", "elapsed": 3432.591136, "delta": 269.597617}}
{"target": 0.9738999069192499, "params": {"bagging_temperature": 0.0, "depth": 12.0, "l2_leaf_reg": 35.05887467040613, "random_strength": 0.01}, "datetime": {"datetime": "2021-08-01 02:45:25", "elapsed": 3705.151456, "delta": 272.56032}}
{"target": 0.9737198383566037, "params": {"bagging_temperature": 0.0, "depth": 12.0, "l2_leaf_reg": 57.93651266493857, "random_strength": 0.01}, "datetime": {"datetime": "2021-08-01 02:49:57", "elapsed": 3976.765858, "delta": 271.614402}}
{"target": 0.9746157103649677, "params": {"bagging_temperature": 0.0, "depth": 12.0, "l2_leaf_reg": 0.001, "random_strength": 0.01}, "datetime": {"datetime": "2021-08-01 02:54:31", "elapsed": 4251.187681, "delta": 274.421823}}
{"target": 0.9743610274978645, "params": {"bagging_temperature": 0.0, "depth": 12.0, "l2_leaf_reg": 11.717569815106053, "random_strength": 0.01}, "datetime": {"datetime": "2021-08-01 02:59:05", "elapsed": 4525.133748, "delta": 273.946067}}
{"target": 0.9626547839441498, "params": {"bagging_temperature": 0.0, "depth": 4.0, "l2_leaf_reg": 0.001, "random_strength": 0.01}, "datetime": {"datetime": "2021-08-01 03:00:22", "elapsed": 4602.615575, "delta": 77.481827}}
{"target": 0.9626304932783867, "params": {"bagging_temperature": 0.0, "depth": 4.0, "l2_leaf_reg": 80.58984203449207, "random_strength": 0.01}, "datetime": {"datetime": "2021-08-01 03:01:39", "elapsed": 4679.520858, "delta": 76.905283}}
{"target": 0.9740651379493813, "params": {"bagging_temperature": 0.0, "depth": 12.0, "l2_leaf_reg": 0.001, "random_strength": 10.0}, "datetime": {"datetime": "2021-08-01 03:06:13", "elapsed": 4953.072238, "delta": 273.55138}}
{"target": 0.973318223152084, "params": {"bagging_temperature": 0.40615282188449675, "depth": 11.862794992852923, "l2_leaf_reg": 24.843387684502204, "random_strength": 0.22388151562386827}, "datetime": {"datetime": "2021-08-01 03:09:17", "elapsed": 5137.323867, "delta": 184.251629}}
{"target": 0.9734509679715828, "params": {"bagging_temperature": 0.0, "depth": 12.0, "l2_leaf_reg": 28.42164170778669, "random_strength": 10.0}, "datetime": {"datetime": "2021-08-01 03:13:49", "elapsed": 5408.822583, "delta": 271.498716}}
{"target": 0.9624599783667102, "params": {"bagging_temperature": 0.0, "depth": 4.0, "l2_leaf_reg": 100.0, "random_strength": 10.0}, "datetime": {"datetime": "2021-08-01 03:15:06", "elapsed": 5486.375665, "delta": 77.553082}}
{"target": 0.9730829993989442, "params": {"bagging_temperature": 0.4910092119753906, "depth": 11.84145837437431, "l2_leaf_reg": 45.24319937468981, "random_strength": 0.2816922263637082}, "datetime": {"datetime": "2021-08-01 03:18:10", "elapsed": 5670.192528, "delta": 183.816863}}
{"target": 0.9731130575481779, "params": {"bagging_temperature": 0.0, "depth": 12.0, "l2_leaf_reg": 66.58592694330966, "random_strength": 5.767608401733582}, "datetime": {"datetime": "2021-08-01 03:22:41", "elapsed": 5941.468081, "delta": 271.275553}}
{"target": 0.9732383942116233, "params": {"bagging_temperature": 0.0, "depth": 12.0, "l2_leaf_reg": 100.0, "random_strength": 0.01}, "datetime": {"datetime": "2021-08-01 03:27:12", "elapsed": 6212.461056, "delta": 270.992975}}
{"target": 0.9741321810357039, "params": {"bagging_temperature": 0.0, "depth": 12.0, "l2_leaf_reg": 6.780382565308837, "random_strength": 6.750261512238815}, "datetime": {"datetime": "2021-08-01 03:31:46", "elapsed": 6486.113224, "delta": 273.652168}}
{"target": 0.9729623993538954, "params": {"bagging_temperature": 0.0, "depth": 12.0, "l2_leaf_reg": 93.67537499898802, "random_strength": 4.249433270245154}, "datetime": {"datetime": "2021-08-01 03:36:17", "elapsed": 6757.052574, "delta": 270.93935}}
{"target": 0.9731670869401939, "params": {"bagging_temperature": 0.0, "depth": 12.0, "l2_leaf_reg": 48.018109705466934, "random_strength": 10.0}, "datetime": {"datetime": "2021-08-01 03:40:48", "elapsed": 7027.957949, "delta": 270.905375}}
{"target": 0.9629287047862299, "params": {"bagging_temperature": 10.0, "depth": 12.0, "l2_leaf_reg": 31.087447421326118, "random_strength": 10.0}, "datetime": {"datetime": "2021-08-01 03:45:13", "elapsed": 7292.725496, "delta": 264.767547}}
{"target": 0.9627450890648883, "params": {"bagging_temperature": 10.0, "depth": 12.0, "l2_leaf_reg": 69.61559364827357, "random_strength": 0.01}, "datetime": {"datetime": "2021-08-01 03:49:38", "elapsed": 7557.81958, "delta": 265.094084}}
{"target": 0.9730249090909912, "params": {"bagging_temperature": 0.0, "depth": 12.0, "l2_leaf_reg": 80.70918223035781, "random_strength": 5.183210982973436}, "datetime": {"datetime": "2021-08-01 03:54:08", "elapsed": 7828.447147, "delta": 270.627567}}
{"target": 0.9736194312048831, "params": {"bagging_temperature": 0.0, "depth": 12.0, "l2_leaf_reg": 66.30469262620147, "random_strength": 0.01}, "datetime": {"datetime": "2021-08-01 03:58:40", "elapsed": 8100.347743, "delta": 271.900596}}
{"target": 0.9735529398491637, "params": {"bagging_temperature": 0.0, "depth": 12.0, "l2_leaf_reg": 32.25187571034971, "random_strength": 5.135735078337398}, "datetime": {"datetime": "2021-08-01 04:03:12", "elapsed": 8372.673778, "delta": 272.326035}}
{"target": 0.9626883334089003, "params": {"bagging_temperature": 0.0, "depth": 4.0, "l2_leaf_reg": 17.42297496680604, "random_strength": 0.01}, "datetime": {"datetime": "2021-08-01 04:04:30", "elapsed": 8450.118399, "delta": 77.444621}}
{"target": 0.9734489665520671, "params": {"bagging_temperature": 0.0, "depth": 12.0, "l2_leaf_reg": 41.902361934916954, "random_strength": 4.690456050701472}, "datetime": {"datetime": "2021-08-01 04:09:01", "elapsed": 8721.640026, "delta": 271.521627}}
{"target": 0.9746248876329148, "params": {"bagging_temperature": 0.0, "depth": 12.0, "l2_leaf_reg": 5.4609410259597775, "random_strength": 0.01}, "datetime": {"datetime": "2021-08-01 04:13:36", "elapsed": 8995.882659, "delta": 274.242633}}
{"target": 0.9733282012112099, "params": {"bagging_temperature": 0.0, "depth": 12.0, "l2_leaf_reg": 53.0087453687281, "random_strength": 4.075520017923589}, "datetime": {"datetime": "2021-08-01 04:18:07", "elapsed": 9267.60294, "delta": 271.720281}}
{"target": 0.9636510798571881, "params": {"bagging_temperature": 10.0, "depth": 12.0, "l2_leaf_reg": 0.001, "random_strength": 10.0}, "datetime": {"datetime": "2021-08-01 04:22:32", "elapsed": 9532.612954, "delta": 265.010014}}
{"target": 0.9738856836616983, "params": {"bagging_temperature": 0.0, "depth": 12.0, "l2_leaf_reg": 20.140441225508784, "random_strength": 4.474508409121437}, "datetime": {"datetime": "2021-08-01 04:27:06", "elapsed": 9806.487954, "delta": 273.875}}
{"target": 0.9741950772075946, "params": {"bagging_temperature": 0.0, "depth": 12.0, "l2_leaf_reg": 18.268492007636308, "random_strength": 0.01}, "datetime": {"datetime": "2021-08-01 04:31:38", "elapsed": 10078.499165, "delta": 272.011211}}
{"target": 0.9739059000091614, "params": {"bagging_temperature": 0.0, "depth": 12.0, "l2_leaf_reg": 10.333721579754235, "random_strength": 10.0}, "datetime": {"datetime": "2021-08-01 04:36:11", "elapsed": 10351.591196, "delta": 273.092031}}
{"target": 0.9644914917713046, "params": {"bagging_temperature": 5.962029692890064, "depth": 12.0, "l2_leaf_reg": 43.460100493421116, "random_strength": 10.0}, "datetime": {"datetime": "2021-08-01 04:40:31", "elapsed": 10611.423512, "delta": 259.832316}}
{"target": 0.9626873204136431, "params": {"bagging_temperature": 0.0, "depth": 4.0, "l2_leaf_reg": 34.93150199963956, "random_strength": 0.01}, "datetime": {"datetime": "2021-08-01 04:41:49", "elapsed": 10689.02796, "delta": 77.604448}}
